2021-10-16 16:13:36.555  INFO 8500 --- [main] c.e.d.AddressBookWorkShopNewApplication  : Starting AddressBookWorkShopNewApplication using Java 16.0.2 on LAPTOP-02USD3DD with PID 8500 (D:\STS WS\AddressBookWorkShop-New\target\classes started by asus in D:\STS WS\AddressBookWorkShop-New)
2021-10-16 16:13:36.587  INFO 8500 --- [main] c.e.d.AddressBookWorkShopNewApplication  : No active profile set, falling back to default profiles: default
2021-10-16 16:13:38.346  INFO 8500 --- [main] .s.d.r.c.RepositoryConfigurationDelegate : Multiple Spring Data modules found, entering strict repository configuration mode!
2021-10-16 16:13:38.350  INFO 8500 --- [main] .s.d.r.c.RepositoryConfigurationDelegate : Bootstrapping Spring Data JDBC repositories in DEFAULT mode.
2021-10-16 16:13:38.412  INFO 8500 --- [main] .RepositoryConfigurationExtensionSupport : Spring Data JDBC - Could not safely identify store assignment for repository candidate interface com.example.demo.Repo.AddressBookRepo. If you want this repository to be a JDBC repository, consider annotating your entities with one of these annotations: org.springframework.data.relational.core.mapping.Table.
2021-10-16 16:13:38.413  INFO 8500 --- [main] .s.d.r.c.RepositoryConfigurationDelegate : Finished Spring Data repository scanning in 53 ms. Found 0 JDBC repository interfaces.
2021-10-16 16:13:38.432  INFO 8500 --- [main] .s.d.r.c.RepositoryConfigurationDelegate : Multiple Spring Data modules found, entering strict repository configuration mode!
2021-10-16 16:13:38.434  INFO 8500 --- [main] .s.d.r.c.RepositoryConfigurationDelegate : Bootstrapping Spring Data JPA repositories in DEFAULT mode.
2021-10-16 16:13:38.823  INFO 8500 --- [main] .s.d.r.c.RepositoryConfigurationDelegate : Finished Spring Data repository scanning in 371 ms. Found 1 JPA repository interfaces.
2021-10-16 16:13:40.287  INFO 8500 --- [main] o.s.b.w.embedded.tomcat.TomcatWebServer  : Tomcat initialized with port(s): 8080 (http)
2021-10-16 16:13:40.316  INFO 8500 --- [main] o.apache.catalina.core.StandardService   : Starting service [Tomcat]
2021-10-16 16:13:40.317  INFO 8500 --- [main] org.apache.catalina.core.StandardEngine  : Starting Servlet engine: [Apache Tomcat/9.0.53]
2021-10-16 16:13:40.713  INFO 8500 --- [main] o.a.c.c.C.[Tomcat].[localhost].[/]       : Initializing Spring embedded WebApplicationContext
2021-10-16 16:13:40.714  INFO 8500 --- [main] w.s.c.ServletWebServerApplicationContext : Root WebApplicationContext: initialization completed in 3998 ms
2021-10-16 16:13:41.411  INFO 8500 --- [main] o.hibernate.jpa.internal.util.LogHelper  : HHH000204: Processing PersistenceUnitInfo [name: default]
2021-10-16 16:13:41.573  INFO 8500 --- [main] org.hibernate.Version                    : HHH000412: Hibernate ORM core version 5.4.32.Final
2021-10-16 16:13:42.195  INFO 8500 --- [main] o.hibernate.annotations.common.Version   : HCANN000001: Hibernate Commons Annotations {5.1.2.Final}
2021-10-16 16:13:42.473  INFO 8500 --- [main] com.zaxxer.hikari.HikariDataSource       : HikariPool-1 - Starting...
2021-10-16 16:13:43.485  INFO 8500 --- [main] com.zaxxer.hikari.HikariDataSource       : HikariPool-1 - Start completed.
2021-10-16 16:13:43.525  INFO 8500 --- [main] org.hibernate.dialect.Dialect            : HHH000400: Using dialect: org.hibernate.dialect.MySQL5InnoDBDialect
2021-10-16 16:13:45.352  INFO 8500 --- [main] o.h.e.t.j.p.i.JtaPlatformInitiator       : HHH000490: Using JtaPlatform implementation: [org.hibernate.engine.transaction.jta.platform.internal.NoJtaPlatform]
2021-10-16 16:13:45.369  INFO 8500 --- [main] j.LocalContainerEntityManagerFactoryBean : Initialized JPA EntityManagerFactory for persistence unit 'default'
2021-10-16 16:13:46.216  WARN 8500 --- [main] JpaBaseConfiguration$JpaWebConfiguration : spring.jpa.open-in-view is enabled by default. Therefore, database queries may be performed during view rendering. Explicitly configure spring.jpa.open-in-view to disable this warning
2021-10-16 16:13:48.060  INFO 8500 --- [main] o.s.b.w.embedded.tomcat.TomcatWebServer  : Tomcat started on port(s): 8080 (http) with context path ''
2021-10-16 16:13:48.073  INFO 8500 --- [main] c.e.d.AddressBookWorkShopNewApplication  : Started AddressBookWorkShopNewApplication in 12.459 seconds (JVM running for 14.322)
2021-10-16 16:19:39.142  INFO 8500 --- [RMI TCP Connection(9)-127.0.0.1] inMXBeanRegistrar$SpringApplicationAdmin : Application shutdown requested.
2021-10-16 16:19:39.209  INFO 8500 --- [RMI TCP Connection(9)-127.0.0.1] j.LocalContainerEntityManagerFactoryBean : Closing JPA EntityManagerFactory for persistence unit 'default'
2021-10-16 16:19:39.213  INFO 8500 --- [RMI TCP Connection(9)-127.0.0.1] com.zaxxer.hikari.HikariDataSource       : HikariPool-1 - Shutdown initiated...
2021-10-16 16:19:39.224  INFO 8500 --- [RMI TCP Connection(9)-127.0.0.1] com.zaxxer.hikari.HikariDataSource       : HikariPool-1 - Shutdown completed.
